Sat May 20 11:55:53 CEST 2017 : Server di rete Apache Derby: 10.11.1.2 - (1629631) avviato e pronto ad accettare connessioni sulla porta 1527
----------------------------------------------------------------
Sat May 20 11:57:12 CEST 2017:
Avvio della versione di Derby The Apache Software Foundation - Apache Derby - 10.11.1.2 - (1629631): istanza a816c00e-015c-2548-e618-ffffa55320f8
sulla directory di database C:\Users\Cristian\Documents\NetBeansProjects\ProgAmm17\ProgettoAmm\web\WEB-INF\db\ammdb con caricatore classi sun.misc.Launcher$AppClassLoader@6f94fa3e 
Caricato da file:/C:/Program%20Files/Java/jdk1.8.0_121/db/lib/derby.jar
java.vendor=Oracle Corporation
java.runtime.version=1.8.0_121-b13
user.dir=C:\Program Files\Java\jdk1.8.0_121\db
os.name=Windows 8.1
os.arch=amd64
os.version=6.3
derby.system.home=C:\Users\Cristian\Documents\NetBeansProjects\ProgAmm17\ProgettoAmm\web\WEB-INF\db
Programma di caricamento classe database avviato - derby.database.classpath=''
----------------------------------------------------------------
Sat May 20 12:12:52 CEST 2017:
Avvio della versione di Derby The Apache Software Foundation - Apache Derby - 10.11.1.2 - (1629631): istanza 40a68025-015c-2548-e618-ffffa55320f8
sulla directory di database C:\Users\Cristian\Documents\NetBeansProjects\ProgAmm17\ProgettoAmm\web\WEB-INF\db\gato con caricatore classi sun.misc.Launcher$AppClassLoader@6f94fa3e 
Caricato da file:/C:/Program%20Files/Java/jdk1.8.0_121/db/lib/derby.jar
java.vendor=Oracle Corporation
java.runtime.version=1.8.0_121-b13
user.dir=C:\Program Files\Java\jdk1.8.0_121\db
os.name=Windows 8.1
os.arch=amd64
os.version=6.3
derby.system.home=C:\Users\Cristian\Documents\NetBeansProjects\ProgAmm17\ProgettoAmm\web\WEB-INF\db
Programma di caricamento classe database avviato - derby.database.classpath=''
